[3/27/26, 5:03:08:048 UTC] 0000cc99 com.ibm.ws.webcontainer.servlet                              I SRVE0242I: [adobe-livecycle-websphere] [/soap] [AxisServlet]: Initialization successful.
[3/27/26, 5:04:04:499 UTC] 0000cc99 com.ibm.ws.logging.internal.impl.IncidentImpl                I FFDC1015I: An FFDC Incident has been created: "sun.security.validator.ValidatorException: PKIX path building failed: sun.security.provider.certpath.SunCertPathBuilderException: unable to find valid certification path to requested target com.ibm.ws.ssl.core.WSX509TrustManager checkServerTrusted" at ffdc_26.03.27_05.04.04.0.log
[3/27/26, 5:04:04:503 UTC] 0000cc99 com.ibm.ws.ssl.core.WSX509TrustManager                       E CWPKI0823E: SSL HANDSHAKE FAILURE:  A signer with SubjectDN [CN=or1010050154101.corp.adobe.com, O=Adobe Inc., L=San Jose, ST=California, C=US] was sent from the host [authrelay.corp.adobe.com:587].  The signer might need to be added to local trust store [C:/wlp/usr/servers/jeeserver/resources/security/key.p12], located in SSL configuration alias [defaultSSLConfig].  The extended error message from the SSL handshake exception is: [PKIX path building failed: sun.security.provider.certpath.SunCertPathBuilderException: unable to find valid certification path to requested target].
[3/27/26, 5:04:04:506 UTC] 0000cc99 SystemErr                                                    R jakarta.mail.MessagingException: Could not convert socket to TLS;
  nested exception is:
	javax.net.ssl.SSLHandshakeException: PKIX path building failed: sun.security.provider.certpath.SunCertPathBuilderException: unable to find valid certification path to requested target
[3/27/26, 5:04:04:508 UTC] 0000cc99 SystemErr                                                    R 	at com.sun.mail.smtp.SMTPTransport.startTLS(SMTPTransport.java:2140)
[3/27/26, 5:04:04:509 UTC] 0000cc99 SystemErr                                                    R 	at com.sun.mail.smtp.SMTPTransport.protocolConnect(SMTPTransport.java:734)
[3/27/26, 5:04:04:509 UTC] 0000cc99 SystemErr                                                    R 	at jakarta.mail.Service.connect(Service.java:342)
[3/27/26, 5:04:04:510 UTC] 0000cc99 SystemErr                                                    R 	at jakarta.mail.Service.connect(Service.java:222)
[3/27/26, 5:04:04:510 UTC] 0000cc99 SystemErr                                                    R 	at jakarta.mail.Service.connect(Service.java:171)
[3/27/26, 5:04:04:511 UTC] 0000cc99 SystemErr                                                    R 	at com.adobe.idp.dsc.email.EmailServiceImpl.sendMessage(EmailServiceImpl.java:532)
[3/27/26, 5:04:04:511 UTC] 0000cc99 SystemErr                                                    R 	at com.adobe.idp.dsc.email.EmailServiceImpl.sendWithMapOfAttachments(EmailServiceImpl.java:494)
[3/27/26, 5:04:04:512 UTC] 0000cc99 SystemErr                                                    R 	at com.adobe.idp.dsc.email.EmailServiceImpl.sendWithDocument(EmailServiceImpl.java:392)
[3/27/26, 5:04:04:512 UTC] 0000cc99 SystemErr                                                    R 	at java.base/jdk.internal.reflect.DirectMethodHandleAccessor.invoke(DirectMethodHandleAccessor.java:103)
[3/27/26, 5:04:04:513 UTC] 0000cc99 SystemErr                                                    R 	at java.base/java.lang.reflect.Method.invoke(Method.java:580)
[3/27/26, 5:04:04:513 UTC] 0000cc99 SystemErr                                                    R 	at com.adobe.idp.dsc.component.impl.DefaultPOJOInvokerImpl.invoke(DefaultPOJOInvokerImpl.java:118)
[3/27/26, 5:04:04:514 UTC] 0000cc99 SystemErr                                                    R 	at com.adobe.idp.dsc.interceptor.impl.InvocationInterceptor.intercept(InvocationInterceptor.java:140)
[3/27/26, 5:04:04:514 UTC] 0000cc99 SystemErr                                                    R 	at com.adobe.idp.dsc.interceptor.impl.RequestInterceptorChainImpl.proceed(RequestInterceptorChainImpl.java:60)
[3/27/26, 5:04:04:515 UTC] 0000cc99 SystemErr                                                    R 	at com.adobe.idp.dsc.interceptor.impl.DocumentPassivationInterceptor.intercept(DocumentPassivationInterceptor.java:53)
[3/27/26, 5:04:04:515 UTC] 0000cc99 SystemErr                                                    R 	at com.adobe.idp.dsc.interceptor.impl.RequestInterceptorChainImpl.proceed(RequestInterceptorChainImpl.java:60)
[3/27/26, 5:04:04:515 UTC] 0000cc99 SystemErr                                                    R 	at com.adobe.idp.dsc.transaction.interceptor.TransactionInterceptor$1.doInTransaction(TransactionInterceptor.java:124)
[3/27/26, 5:04:04:516 UTC] 0000cc99 SystemErr                                                    R 	at com.adobe.idp.dsc.transaction.impl.ejb.adapter.EjbTransactionCMTAdapterBean.execute(EjbTransactionCMTAdapterBean.java:357)
[3/27/26, 5:04:04:516 UTC] 0000cc99 SystemErr                                                    R 	at com.adobe.idp.dsc.transaction.impl.ejb.adapter.EjbTransactionCMTAdapterBean.doSupports(EjbTransactionCMTAdapterBean.java:227)
[3/27/26, 5:04:04:516 UTC] 0000cc99 SystemErr                                                    R 	at com.adobe.idp.dsc.transaction.impl.ejb.adapter.EJSLocalStatelessEjbTransactionCMTAdapter_caf58c4f.doSupports(EJSLocalStatelessEjbTransactionCMTAdapter_caf58c4f.java)
[3/27/26, 5:04:04:517 UTC] 0000cc99 SystemErr                                                    R 	at com.adobe.idp.dsc.transaction.impl.ejb.EjbTransactionProvider.execute(EjbTransactionProvider.java:104)
[3/27/26, 5:04:04:517 UTC] 0000cc99 SystemErr                                                    R 	at com.adobe.idp.dsc.transaction.interceptor.TransactionInterceptor.intercept(TransactionInterceptor.java:122)
[3/27/26, 5:04:04:517 UTC] 0000cc99 SystemErr                                                    R 	at com.adobe.idp.dsc.interceptor.impl.RequestInterceptorChainImpl.proceed(RequestInterceptorChainImpl.java:60)
[3/27/26, 5:04:04:518 UTC] 0000cc99 SystemErr                                                    R 	at com.adobe.idp.dsc.interceptor.impl.InvocationStrategyInterceptor.intercept(InvocationStrategyInterceptor.java:55)
[3/27/26, 5:04:04:518 UTC] 0000cc99 SystemErr                                                    R 	at com.adobe.idp.dsc.interceptor.impl.RequestInterceptorChainImpl.proceed(RequestInterceptorChainImpl.java:60)
[3/27/26, 5:04:04:518 UTC] 0000cc99 SystemErr                                                    R 	at com.adobe.idp.dsc.interceptor.impl.InvalidStateInterceptor.intercept(InvalidStateInterceptor.java:37)
[3/27/26, 5:04:04:518 UTC] 0000cc99 SystemErr                                                    R 	at com.adobe.idp.dsc.interceptor.impl.RequestInterceptorChainImpl.proceed(RequestInterceptorChainImpl.java:60)
[3/27/26, 5:04:04:519 UTC] 0000cc99 SystemErr                                                    R 	at com.adobe.idp.dsc.interceptor.impl.AuthorizationInterceptor.intercept(AuthorizationInterceptor.java:188)
[3/27/26, 5:04:04:519 UTC] 0000cc99 SystemErr                                                    R 	at com.adobe.idp.dsc.interceptor.impl.RequestInterceptorChainImpl.proceed(RequestInterceptorChainImpl.java:60)
[3/27/26, 5:04:04:519 UTC] 0000cc99 SystemErr                                                    R 	at com.adobe.idp.dsc.interceptor.impl.JMXInterceptor.intercept(JMXInterceptor.java:48)
[3/27/26, 5:04:04:520 UTC] 0000cc99 SystemErr                                                    R 	at com.adobe.idp.dsc.interceptor.impl.RequestInterceptorChainImpl.proceed(RequestInterceptorChainImpl.java:60)
[3/27/26, 5:04:04:520 UTC] 0000cc99 SystemErr                                                    R 	at com.adobe.idp.dsc.engine.impl.ServiceEngineImpl.invoke(ServiceEngineImpl.java:121)
[3/27/26, 5:04:04:520 UTC] 0000cc99 SystemErr                                                    R 	at com.adobe.idp.dsc.routing.Router.routeRequest(Router.java:131)
[3/27/26, 5:04:04:521 UTC] 0000cc99 SystemErr                                                    R 	at com.adobe.idp.dsc.provider.impl.base.AbstractMessageReceiver.routeMessage(AbstractMessageReceiver.java:93)
[3/27/26, 5:04:04:521 UTC] 0000cc99 SystemErr                                                    R 	at com.adobe.idp.dsc.provider.impl.vm.VMMessageDispatcher.doSend(VMMessageDispatcher.java:225)
[3/27/26, 5:04:04:521 UTC] 0000cc99 SystemErr                                                    R 	at com.adobe.idp.dsc.provider.impl.base.AbstractMessageDispatcher.send(AbstractMessageDispatcher.java:69)
[3/27/26, 5:04:04:522 UTC] 0000cc99 SystemErr                                                    R 	at com.adobe.idp.dsc.clientsdk.ServiceClient.invoke(ServiceClient.java:215)
[3/27/26, 5:04:04:522 UTC] 0000cc99 SystemErr                                                    R 	at com.adobe.workflow.engine.PEUtil.invokeAction(PEUtil.java:893)
[3/27/26, 5:04:04:522 UTC] 0000cc99 SystemErr                                                    R 	at com.adobe.idp.workflow.dsc.invoker.WorkflowDSCInvoker.transientInvoke(WorkflowDSCInvoker.java:356)
[3/27/26, 5:04:04:522 UTC] 0000cc99 SystemErr                                                    R 	at com.adobe.idp.workflow.dsc.invoker.WorkflowDSCInvoker.invoke(WorkflowDSCInvoker.java:159)
[3/27/26, 5:04:04:522 UTC] 0000cc99 SystemErr                                                    R 	at com.adobe.idp.dsc.interceptor.impl.InvocationInterceptor.intercept(InvocationInterceptor.java:140)
[3/27/26, 5:04:04:522 UTC] 0000cc99 SystemErr                                                    R 	at com.adobe.idp.dsc.interceptor.impl.RequestInterceptorChainImpl.proceed(RequestInterceptorChainImpl.java:60)
[3/27/26, 5:04:04:523 UTC] 0000cc99 SystemErr                                                    R 	at com.adobe.idp.dsc.interceptor.impl.DocumentPassivationInterceptor.intercept(DocumentPassivationInterceptor.java:53)
[3/27/26, 5:04:04:523 UTC] 0000cc99 SystemErr                                                    R 	at com.adobe.idp.dsc.interceptor.impl.RequestInterceptorChainImpl.proceed(RequestInterceptorChainImpl.java:60)
[3/27/26, 5:04:04:523 UTC] 0000cc99 SystemErr                                                    R 	at com.adobe.idp.dsc.transaction.interceptor.TransactionInterceptor$1.doInTransaction(TransactionInterceptor.java:124)
[3/27/26, 5:04:04:523 UTC] 0000cc99 SystemErr                                                    R 	at com.adobe.idp.dsc.transaction.impl.ejb.adapter.EjbTransactionCMTAdapterBean.execute(EjbTransactionCMTAdapterBean.java:357)
[3/27/26, 5:04:04:524 UTC] 0000cc99 SystemErr                                                    R 	at com.adobe.idp.dsc.transaction.impl.ejb.adapter.EjbTransactionCMTAdapterBean.doRequiresNew(EjbTransactionCMTAdapterBean.java:299)
[3/27/26, 5:04:04:524 UTC] 0000cc99 SystemErr                                                    R 	at com.adobe.idp.dsc.transaction.impl.ejb.adapter.EJSLocalStatelessEjbTransactionCMTAdapter_caf58c4f.doRequiresNew(EJSLocalStatelessEjbTransactionCMTAdapter_caf58c4f.java)
[3/27/26, 5:04:04:524 UTC] 0000cc99 SystemErr                                                    R 	at com.adobe.idp.dsc.transaction.impl.ejb.EjbTransactionProvider.execute(EjbTransactionProvider.java:143)
[3/27/26, 5:04:04:526 UTC] 0000cc99 SystemErr                                                    R 	at com.adobe.idp.dsc.transaction.interceptor.TransactionInterceptor.intercept(TransactionInterceptor.java:122)
[3/27/26, 5:04:04:526 UTC] 0000cc99 SystemErr                                                    R 	at com.adobe.idp.dsc.interceptor.impl.RequestInterceptorChainImpl.proceed(RequestInterceptorChainImpl.java:60)
[3/27/26, 5:04:04:526 UTC] 0000cc99 SystemErr                                                    R 	at com.adobe.idp.dsc.interceptor.impl.InvocationStrategyInterceptor.intercept(InvocationStrategyInterceptor.java:55)
[3/27/26, 5:04:04:526 UTC] 0000cc99 SystemErr                                                    R 	at com.adobe.idp.dsc.interceptor.impl.RequestInterceptorChainImpl.proceed(RequestInterceptorChainImpl.java:60)
[3/27/26, 5:04:04:527 UTC] 0000cc99 SystemErr                                                    R 	at com.adobe.idp.dsc.interceptor.impl.InvalidStateInterceptor.intercept(InvalidStateInterceptor.java:37)
[3/27/26, 5:04:04:527 UTC] 0000cc99 SystemErr                                                    R 	at com.adobe.idp.dsc.interceptor.impl.RequestInterceptorChainImpl.proceed(RequestInterceptorChainImpl.java:60)
[3/27/26, 5:04:04:527 UTC] 0000cc99 SystemErr                                                    R 	at com.adobe.idp.dsc.interceptor.impl.AuthorizationInterceptor.intercept(AuthorizationInterceptor.java:188)
[3/27/26, 5:04:04:527 UTC] 0000cc99 SystemErr                                                    R 	at com.adobe.idp.dsc.interceptor.impl.RequestInterceptorChainImpl.proceed(RequestInterceptorChainImpl.java:60)
[3/27/26, 5:04:04:528 UTC] 0000cc99 SystemErr                                                    R 	at com.adobe.idp.dsc.interceptor.impl.JMXInterceptor.intercept(JMXInterceptor.java:48)
[3/27/26, 5:04:04:528 UTC] 0000cc99 SystemErr                                                    R 	at com.adobe.idp.dsc.interceptor.impl.RequestInterceptorChainImpl.proceed(RequestInterceptorChainImpl.java:60)
[3/27/26, 5:04:04:528 UTC] 0000cc99 SystemErr                                                    R 	at com.adobe.idp.dsc.engine.impl.ServiceEngineImpl.invoke(ServiceEngineImpl.java:121)
[3/27/26, 5:04:04:528 UTC] 0000cc99 SystemErr                                                    R 	at com.adobe.idp.dsc.routing.Router.routeRequest(Router.java:131)
[3/27/26, 5:04:04:528 UTC] 0000cc99 SystemErr                                                    R 	at com.adobe.idp.dsc.provider.impl.base.AbstractMessageReceiver.invoke(AbstractMessageReceiver.java:329)
[3/27/26, 5:04:04:529 UTC] 0000cc99 SystemErr                                                    R 	at com.adobe.idp.dsc.provider.impl.soap.axis.sdk.SoapSdkEndpoint.invokeCall(SoapSdkEndpoint.java:153)
[3/27/26, 5:04:04:529 UTC] 0000cc99 SystemErr                                                    R 	at com.adobe.idp.dsc.provider.impl.soap.axis.sdk.SoapSdkEndpoint.invoke(SoapSdkEndpoint.java:91)
[3/27/26, 5:04:04:529 UTC] 0000cc99 SystemErr                                                    R 	at java.base/jdk.internal.reflect.DirectMethodHandleAccessor.invoke(DirectMethodHandleAccessor.java:103)
[3/27/26, 5:04:04:529 UTC] 0000cc99 SystemErr                                                    R 	at java.base/java.lang.reflect.Method.invoke(Method.java:580)
[3/27/26, 5:04:04:530 UTC] 0000cc99 SystemErr                                                    R 	at org.apache.axis.providers.java.RPCProvider.invokeMethod(RPCProvider.java:397)
[3/27/26, 5:04:04:530 UTC] 0000cc99 SystemErr                                                    R 	at org.apache.axis.providers.java.RPCProvider.processMessage(RPCProvider.java:186)
[3/27/26, 5:04:04:530 UTC] 0000cc99 SystemErr                                                    R 	at org.apache.axis.providers.java.JavaProvider.invoke(JavaProvider.java:321)
[3/27/26, 5:04:04:531 UTC] 0000cc99 SystemErr                                                    R 	at org.apache.axis.strategies.InvocationStrategy.visit(InvocationStrategy.java:32)
[3/27/26, 5:04:04:531 UTC] 0000cc99 SystemErr                                                    R 	at org.apache.axis.SimpleChain.doVisiting(SimpleChain.java:118)
[3/27/26, 5:04:04:531 UTC] 0000cc99 SystemErr                                                    R 	at org.apache.axis.SimpleChain.invoke(SimpleChain.java:83)
[3/27/26, 5:04:04:531 UTC] 0000cc99 SystemErr                                                    R 	at org.apache.axis.handlers.soap.SOAPService.invoke(SOAPService.java:420)
[3/27/26, 5:04:04:531 UTC] 0000cc99 SystemErr                                                    R 	at org.apache.axis.server.AxisServer.invoke(AxisServer.java:281)
[3/27/26, 5:04:04:531 UTC] 0000cc99 SystemErr                                                    R 	at org.apache.axis.transport.http.AxisServlet.doPost(AxisServlet.java:671)
[3/27/26, 5:04:04:532 UTC] 0000cc99 SystemErr                                                    R 	at jakarta.servlet.http.HttpServlet.service(HttpServlet.java:520)
[3/27/26, 5:04:04:532 UTC] 0000cc99 SystemErr                                                    R 	at org.apache.axis.transport.http.AxisServletBase.service(AxisServletBase.java:332)
[3/27/26, 5:04:04:532 UTC] 0000cc99 SystemErr                                                    R 	at jakarta.servlet.http.HttpServlet.service(HttpServlet.java:587)
[3/27/26, 5:04:04:532 UTC] 0000cc99 SystemErr                                                    R 	at com.ibm.ws.webcontainer.servlet.ServletWrapper.service(ServletWrapper.java:1266)
[3/27/26, 5:04:04:533 UTC] 0000cc99 SystemErr                                                    R 	at com.ibm.ws.webcontainer.servlet.ServletWrapper.handleRequest(ServletWrapper.java:754)
[3/27/26, 5:04:04:533 UTC] 0000cc99 SystemErr                                                    R 	at com.ibm.ws.webcontainer.servlet.ServletWrapper.handleRequest(ServletWrapper.java:451)
[3/27/26, 5:04:04:533 UTC] 0000cc99 SystemErr                                                    R 	at com.ibm.ws.webcontainer.filter.WebAppFilterChain.invokeTarget(WebAppFilterChain.java:197)
[3/27/26, 5:04:04:533 UTC] 0000cc99 SystemErr                                                    R 	at com.ibm.ws.webcontainer.filter.WebAppFilterChain.doFilter(WebAppFilterChain.java:100)
[3/27/26, 5:04:04:534 UTC] 0000cc99 SystemErr                                                    R 	at com.adobe.idp.dsc.provider.impl.soap.axis.InvocationFilter.doFilter(InvocationFilter.java:70)
[3/27/26, 5:04:04:537 UTC] 0000cc99 SystemErr                                                    R 	at com.ibm.ws.webcontainer.filter.FilterInstanceWrapper.doFilter(FilterInstanceWrapper.java:203)
[3/27/26, 5:04:04:538 UTC] 0000cc99 SystemErr                                                    R 	at com.ibm.ws.webcontainer.filter.WebAppFilterChain.doFilter(WebAppFilterChain.java:93)
[3/27/26, 5:04:04:538 UTC] 0000cc99 SystemErr                                                    R 	at com.adobe.idp.um.auth.filter.ParameterFilter.doFilter(ParameterFilter.java:105)
[3/27/26, 5:04:04:538 UTC] 0000cc99 SystemErr                                                    R 	at com.adobe.idp.um.auth.filter.CSRFFilter.invokeNextFilter(CSRFFilter.java:141)
[3/27/26, 5:04:04:539 UTC] 0000cc99 SystemErr                                                    R 	at com.adobe.idp.um.auth.filter.CSRFFilter.doFilter(CSRFFilter.java:103)
[3/27/26, 5:04:04:540 UTC] 0000cc99 SystemErr                                                    R 	at com.ibm.ws.webcontainer.filter.FilterInstanceWrapper.doFilter(FilterInstanceWrapper.java:203)
[3/27/26, 5:04:04:540 UTC] 0000cc99 SystemErr                                                    R 	at com.ibm.ws.webcontainer.filter.WebAppFilterChain.doFilter(WebAppFilterChain.java:93)
[3/27/26, 5:04:04:540 UTC] 0000cc99 SystemErr                                                    R 	at com.ibm.ws.webcontainer.filter.WebAppFilterManager.doFilter(WebAppFilterManager.java:1069)
[3/27/26, 5:04:04:541 UTC] 0000cc99 SystemErr                                                    R 	at com.ibm.ws.webcontainer.filter.WebAppFilterManager.invokeFilters(WebAppFilterManager.java:1260)
[3/27/26, 5:04:04:541 UTC] 0000cc99 SystemErr                                                    R 	at com.ibm.ws.webcontainer.filter.WebAppFilterManager.invokeFilters(WebAppFilterManager.java:1078)
[3/27/26, 5:04:04:541 UTC] 0000cc99 SystemErr                                                    R 	at com.ibm.ws.webcontainer.servlet.CacheServletWrapper.handleRequest(CacheServletWrapper.java:77)
[3/27/26, 5:04:04:541 UTC] 0000cc99 SystemErr                                                    R 	at com.ibm.ws.webcontainer40.servlet.CacheServletWrapper40.handleRequest(CacheServletWrapper40.java:87)
[3/27/26, 5:04:04:542 UTC] 0000cc99 SystemErr                                                    R 	at com.ibm.ws.webcontainer.WebContainer.handleRequest(WebContainer.java:978)
[3/27/26, 5:04:04:542 UTC] 0000cc99 SystemErr                                                    R 	at com.ibm.ws.webcontainer.osgi.DynamicVirtualHost$2.run(DynamicVirtualHost.java:293)
[3/27/26, 5:04:04:542 UTC] 0000cc99 SystemErr                                                    R 	at com.ibm.ws.http.dispatcher.internal.channel.HttpDispatcherLink$TaskWrapper.run(HttpDispatcherLink.java:1260)
[3/27/26, 5:04:04:542 UTC] 0000cc99 SystemErr                                                    R 	at com.ibm.ws.http.dispatcher.internal.channel.HttpDispatcherLink.wrapHandlerAndExecute(HttpDispatcherLink.java:476)
[3/27/26, 5:04:04:543 UTC] 0000cc99 SystemErr                                                    R 	at com.ibm.ws.http.dispatcher.internal.channel.HttpDispatcherLink.ready(HttpDispatcherLink.java:435)
[3/27/26, 5:04:04:543 UTC] 0000cc99 SystemErr                                                    R 	at com.ibm.ws.http.channel.internal.inbound.HttpInboundLink.handleDiscrimination(HttpInboundLink.java:569)
[3/27/26, 5:04:04:543 UTC] 0000cc99 SystemErr                                                    R 	at com.ibm.ws.http.channel.internal.inbound.HttpInboundLink.handleNewRequest(HttpInboundLink.java:503)
[3/27/26, 5:04:04:543 UTC] 0000cc99 SystemErr                                                    R 	at com.ibm.ws.http.channel.internal.inbound.HttpInboundLink.processRequest(HttpInboundLink.java:363)
[3/27/26, 5:04:04:543 UTC] 0000cc99 SystemErr                                                    R 	at com.ibm.ws.http.channel.internal.inbound.HttpInboundLink.ready(HttpInboundLink.java:330)
[3/27/26, 5:04:04:544 UTC] 0000cc99 SystemErr                                                    R 	at com.ibm.ws.tcpchannel.internal.NewConnectionInitialReadCallback.sendToDiscriminators(NewConnectionInitialReadCallback.java:169)
[3/27/26, 5:04:04:544 UTC] 0000cc99 SystemErr                                                    R 	at com.ibm.ws.tcpchannel.internal.NewConnectionInitialReadCallback.complete(NewConnectionInitialReadCallback.java:77)
[3/27/26, 5:04:04:544 UTC] 0000cc99 SystemErr                                                    R 	at com.ibm.ws.tcpchannel.internal.WorkQueueManager.requestComplete(WorkQueueManager.java:516)
[3/27/26, 5:04:04:544 UTC] 0000cc99 SystemErr                                                    R 	at com.ibm.ws.tcpchannel.internal.WorkQueueManager.attemptIO(WorkQueueManager.java:586)
[3/27/26, 5:04:04:545 UTC] 0000cc99 SystemErr                                                    R 	at com.ibm.ws.tcpchannel.internal.WorkQueueManager.workerRun(WorkQueueManager.java:970)
[3/27/26, 5:04:04:545 UTC] 0000cc99 SystemErr                                                    R 	at com.ibm.ws.tcpchannel.internal.WorkQueueManager$Worker.run(WorkQueueManager.java:1059)
[3/27/26, 5:04:04:545 UTC] 0000cc99 SystemErr                                                    R 	at com.ibm.ws.threading.internal.ExecutorServiceImpl$RunnableWrapper.run(ExecutorServiceImpl.java:280)
[3/27/26, 5:04:04:545 UTC] 0000cc99 SystemErr                                                    R 	at java.base/java.util.concurrent.ThreadPoolExecutor.runWorker(ThreadPoolExecutor.java:1144)
[3/27/26, 5:04:04:545 UTC] 0000cc99 SystemErr                                                    R 	at java.base/java.util.concurrent.ThreadPoolExecutor$Worker.run(ThreadPoolExecutor.java:642)
[3/27/26, 5:04:04:546 UTC] 0000cc99 SystemErr                                                    R 	at java.base/java.lang.Thread.run(Thread.java:1583)
[3/27/26, 5:04:04:546 UTC] 0000cc99 SystemErr                                                    R Caused by: javax.net.ssl.SSLHandshakeException: PKIX path building failed: sun.security.provider.certpath.SunCertPathBuilderException: unable to find valid certification path to requested target
[3/27/26, 5:04:04:547 UTC] 0000cc99 SystemErr                                                    R 	at java.base/sun.security.ssl.Alert.createSSLException(Alert.java:130)
[3/27/26, 5:04:04:547 UTC] 0000cc99 SystemErr                                                    R 	at java.base/sun.security.ssl.TransportContext.fatal(TransportContext.java:383)
[3/27/26, 5:04:04:547 UTC] 0000cc99 SystemErr                                                    R 	at java.base/sun.security.ssl.TransportContext.fatal(TransportContext.java:326)
[3/27/26, 5:04:04:548 UTC] 0000cc99 SystemErr                                                    R 	at java.base/sun.security.ssl.TransportContext.fatal(TransportContext.java:321)
[3/27/26, 5:04:04:548 UTC] 0000cc99 SystemErr                                                    R 	at java.base/sun.security.ssl.CertificateMessage$T13CertificateConsumer.checkServerCerts(CertificateMessage.java:1318)
[3/27/26, 5:04:04:548 UTC] 0000cc99 SystemErr                                                    R 	at java.base/sun.security.ssl.CertificateMessage$T13CertificateConsumer.onConsumeCertificate(CertificateMessage.java:1195)
[3/27/26, 5:04:04:549 UTC] 0000cc99 SystemErr                                                    R 	at java.base/sun.security.ssl.CertificateMessage$T13CertificateConsumer.consume(CertificateMessage.java:1138)
[3/27/26, 5:04:04:549 UTC] 0000cc99 SystemErr                                                    R 	at java.base/sun.security.ssl.SSLHandshake.consume(SSLHandshake.java:393)
[3/27/26, 5:04:04:549 UTC] 0000cc99 SystemErr                                                    R 	at java.base/sun.security.ssl.HandshakeContext.dispatch(HandshakeContext.java:476)
[3/27/26, 5:04:04:549 UTC] 0000cc99 SystemErr                                                    R 	at java.base/sun.security.ssl.HandshakeContext.dispatch(HandshakeContext.java:447)
[3/27/26, 5:04:04:549 UTC] 0000cc99 SystemErr                                                    R 	at java.base/sun.security.ssl.TransportContext.dispatch(TransportContext.java:206)
[3/27/26, 5:04:04:550 UTC] 0000cc99 SystemErr                                                    R 	at java.base/sun.security.ssl.SSLTransport.decode(SSLTransport.java:172)
[3/27/26, 5:04:04:550 UTC] 0000cc99 SystemErr                                                    R 	at java.base/sun.security.ssl.SSLSocketImpl.decode(SSLSocketImpl.java:1506)
[3/27/26, 5:04:04:551 UTC] 0000cc99 SystemErr                                                    R 	at java.base/sun.security.ssl.SSLSocketImpl.readHandshakeRecord(SSLSocketImpl.java:1421)
[3/27/26, 5:04:04:551 UTC] 0000cc99 SystemErr                                                    R 	at java.base/sun.security.ssl.SSLSocketImpl.startHandshake(SSLSocketImpl.java:455)
[3/27/26, 5:04:04:551 UTC] 0000cc99 SystemErr                                                    R 	at java.base/sun.security.ssl.SSLSocketImpl.startHandshake(SSLSocketImpl.java:426)
[3/27/26, 5:04:04:551 UTC] 0000cc99 SystemErr                                                    R 	at com.sun.mail.util.SocketFetcher.configureSSLSocket(SocketFetcher.java:602)
[3/27/26, 5:04:04:552 UTC] 0000cc99 SystemErr                                                    R 	at com.sun.mail.util.SocketFetcher.startTLS(SocketFetcher.java:529)
[3/27/26, 5:04:04:552 UTC] 0000cc99 SystemErr                                                    R 	at com.sun.mail.smtp.SMTPTransport.startTLS(SMTPTransport.java:2135)
[3/27/26, 5:04:04:552 UTC] 0000cc99 SystemErr                                                    R 	... 113 more
[3/27/26, 5:04:04:553 UTC] 0000cc99 SystemErr                                                    R Caused by: java.security.cert.CertificateException: PKIX path building failed: sun.security.provider.certpath.SunCertPathBuilderException: unable to find valid certification path to requested target
[3/27/26, 5:04:04:553 UTC] 0000cc99 SystemErr                                                    R 	at com.ibm.ws.ssl.core.WSX509TrustManager.processServerTrustError(WSX509TrustManager.java:957)
[3/27/26, 5:04:04:554 UTC] 0000cc99 SystemErr                                                    R 	at com.ibm.ws.ssl.core.WSX509TrustManager.checkServerTrusted(WSX509TrustManager.java:746)
[3/27/26, 5:04:04:554 UTC] 0000cc99 SystemErr                                                    R 	at java.base/sun.security.ssl.CertificateMessage$T13CertificateConsumer.checkServerCerts(CertificateMessage.java:1302)
[3/27/26, 5:04:04:554 UTC] 0000cc99 SystemErr                                                    R 	... 127 more
